<?xml version="1.0" encoding="UTF-8"?>
<!-- Generated by org.testng.reporters.JUnitXMLReporter -->
<testsuite ignored="1" hostname="DESKTOP-3BAVB4Q" failures="0" tests="5" name="Default test" time="30.834" errors="0" timestamp="2022-07-06T11:31:16 IST">
  <testcase classname="PageRepo.Navigated_ToPage" name="navigation_To_Site" time="4.143"/>
  <testcase classname="PageRepo.Navigated_ToPage" name="url_Matching" time="0.042"/>
  <testcase classname="PageRepo.Navigated_ToPage" name="sign_Up" time="7.929"/>
  <testcase classname="PageRepo.Navigated_ToPage" name="navigate_To_Profile" time="4.745"/>
  <testcase classname="PageRepo.Navigated_ToPage" name="hoverOver_Stars" time="12.934"/>
  <testcase classname="PageRepo.Navigated_ToPage" name="login" time="0.0">
    <ignored/>
  </testcase> <!-- login -->
</testsuite> <!-- Default test -->
