<?xml version="1.0" encoding="UTF-8"?>
<testng-results ignored="1" total="6" passed="5" failed="0" skipped="0">
  <reporter-output>
  </reporter-output>
  <suite started-at="2022-07-06T11:30:45 IST" name="Default suite" finished-at="2022-07-06T11:31:16 IST" duration-ms="30834">
    <groups>
    </groups>
    <test started-at="2022-07-06T11:30:45 IST" name="Default test" finished-at="2022-07-06T11:31:16 IST" duration-ms="30834">
      <class name="PageRepo.Navigated_ToPage">
        <test-method is-config="true" signature="startup()[pri:0, instance:PageRepo.Navigated_ToPage@696da30b]" started-at="2022-07-06T11:30:43 IST" name="startup" finished-at="2022-07-06T11:30:45 IST" duration-ms="1512" status="PASS">
          <reporter-output>
          </reporter-output>
        </test-method> <!-- startup -->
        <test-method is-config="true" signature="setExtent()[pri:0, instance:PageRepo.Navigated_ToPage@696da30b]" started-at="2022-07-06T11:30:45 IST" name="setExtent" finished-at="2022-07-06T11:30:45 IST" duration-ms="258" status="PASS">
          <reporter-output>
          </reporter-output>
        </test-method> <!-- setExtent -->
        <test-method signature="navigation_To_Site()[pri:1, instance:PageRepo.Navigated_ToPage@696da30b]" started-at="2022-07-06T11:30:45 IST" name="navigation_To_Site" finished-at="2022-07-06T11:30:49 IST" duration-ms="4143" status="PASS">
          <reporter-output>
          </reporter-output>
        </test-method> <!-- navigation_To_Site -->
        <test-method is-config="true" signature="tearDown(org.testng.ITestResult)[pri:0, instance:PageRepo.Navigated_ToPage@696da30b]" started-at="2022-07-06T11:30:49 IST" name="tearDown" finished-at="2022-07-06T11:30:49 IST" duration-ms="9" status="PASS">
          <params>
            <param index="0">
              <value>
                <![CDATA[[TestResult name=navigation_To_Site status=SUCCESS method=Navigated_ToPage.navigation_To_Site()[pri:1, instance:PageRepo.Navigated_ToPage@696da30b] output={null}]]]>
              </value>
            </param>
          </params>
          <reporter-output>
          </reporter-output>
        </test-method> <!-- tearDown -->
        <test-method signature="url_Matching()[pri:2, instance:PageRepo.Navigated_ToPage@696da30b]" started-at="2022-07-06T11:30:49 IST" name="url_Matching" finished-at="2022-07-06T11:30:49 IST" duration-ms="42" status="PASS">
          <reporter-output>
          </reporter-output>
        </test-method> <!-- url_Matching -->
        <test-method is-config="true" signature="tearDown(org.testng.ITestResult)[pri:0, instance:PageRepo.Navigated_ToPage@696da30b]" started-at="2022-07-06T11:30:49 IST" name="tearDown" finished-at="2022-07-06T11:30:49 IST" duration-ms="1" status="PASS">
          <params>
            <param index="0">
              <value>
                <![CDATA[[TestResult name=url_Matching status=SUCCESS method=Navigated_ToPage.url_Matching()[pri:2, instance:PageRepo.Navigated_ToPage@696da30b] output={null}]]]>
              </value>
            </param>
          </params>
          <reporter-output>
          </reporter-output>
        </test-method> <!-- tearDown -->
        <test-method signature="sign_Up()[pri:3, instance:PageRepo.Navigated_ToPage@696da30b]" started-at="2022-07-06T11:30:49 IST" name="sign_Up" finished-at="2022-07-06T11:30:57 IST" duration-ms="7929" status="PASS">
          <reporter-output>
          </reporter-output>
        </test-method> <!-- sign_Up -->
        <test-method is-config="true" signature="tearDown(org.testng.ITestResult)[pri:0, instance:PageRepo.Navigated_ToPage@696da30b]" started-at="2022-07-06T11:30:57 IST" name="tearDown" finished-at="2022-07-06T11:30:57 IST" duration-ms="0" status="PASS">
          <params>
            <param index="0">
              <value>
                <![CDATA[[TestResult name=sign_Up status=SUCCESS method=Navigated_ToPage.sign_Up()[pri:3, instance:PageRepo.Navigated_ToPage@696da30b] output={null}]]]>
              </value>
            </param>
          </params>
          <reporter-output>
          </reporter-output>
        </test-method> <!-- tearDown -->
        <test-method signature="navigate_To_Profile()[pri:5, instance:PageRepo.Navigated_ToPage@696da30b]" started-at="2022-07-06T11:30:57 IST" name="navigate_To_Profile" finished-at="2022-07-06T11:31:02 IST" duration-ms="4745" status="PASS">
          <reporter-output>
          </reporter-output>
        </test-method> <!-- navigate_To_Profile -->
        <test-method is-config="true" signature="tearDown(org.testng.ITestResult)[pri:0, instance:PageRepo.Navigated_ToPage@696da30b]" started-at="2022-07-06T11:31:02 IST" name="tearDown" finished-at="2022-07-06T11:31:02 IST" duration-ms="0" status="PASS">
          <params>
            <param index="0">
              <value>
                <![CDATA[[TestResult name=navigate_To_Profile status=SUCCESS method=Navigated_ToPage.navigate_To_Profile()[pri:5, instance:PageRepo.Navigated_ToPage@696da30b] output={null}]]]>
              </value>
            </param>
          </params>
          <reporter-output>
          </reporter-output>
        </test-method> <!-- tearDown -->
        <test-method signature="hoverOver_Stars()[pri:6, instance:PageRepo.Navigated_ToPage@696da30b]" started-at="2022-07-06T11:31:02 IST" name="hoverOver_Stars" finished-at="2022-07-06T11:31:15 IST" duration-ms="12934" status="PASS">
          <reporter-output>
          </reporter-output>
        </test-method> <!-- hoverOver_Stars -->
        <test-method is-config="true" signature="tearDown(org.testng.ITestResult)[pri:0, instance:PageRepo.Navigated_ToPage@696da30b]" started-at="2022-07-06T11:31:15 IST" name="tearDown" finished-at="2022-07-06T11:31:15 IST" duration-ms="1" status="PASS">
          <params>
            <param index="0">
              <value>
                <![CDATA[[TestResult name=hoverOver_Stars status=SUCCESS method=Navigated_ToPage.hoverOver_Stars()[pri:6, instance:PageRepo.Navigated_ToPage@696da30b] output={null}]]]>
              </value>
            </param>
          </params>
          <reporter-output>
          </reporter-output>
        </test-method> <!-- tearDown -->
        <test-method is-config="true" signature="endReport()[pri:0, instance:PageRepo.Navigated_ToPage@696da30b]" started-at="2022-07-06T11:31:15 IST" name="endReport" finished-at="2022-07-06T11:31:16 IST" duration-ms="726" status="PASS">
          <reporter-output>
          </reporter-output>
        </test-method> <!-- endReport -->
        <test-method is-config="true" signature="browser_Closure()[pri:0, instance:PageRepo.Navigated_ToPage@696da30b]" started-at="2022-07-06T11:31:16 IST" name="browser_Closure" finished-at="2022-07-06T11:31:16 IST" duration-ms="168" status="PASS">
          <reporter-output>
          </reporter-output>
        </test-method> <!-- browser_Closure -->
      </class> <!-- PageRepo.Navigated_ToPage -->
    </test> <!-- Default test -->
  </suite> <!-- Default suite -->
</testng-results>
